<?xml version="1.0" encoding="UTF-8"?>
<testsuite xmlns:xsi="http://www.w3.org/2001/XMLSchema-instance" xsi:noNamespaceSchemaLocation="https://maven.apache.org/surefire/maven-surefire-plugin/xsd/surefire-test-report-3.0.xsd" version="3.0" name="co.patronesgof.fis.PatronesGofApplicationTests" time="7.27" tests="1" errors="0" skipped="0" failures="0">
  <properties>
[...]
</properties>
  <testcase name="contextLoads" classname="co.patronesgof.fis.PatronesGofApplicationTests" time="0.357">
    <system-out><![CDATA[22:23:21.629 [main] INFO org.springframework.test.context.support.AnnotationConfigContextLoaderUtils -- Could not detect default configuration classes for test class [co.patronesgof.fis.PatronesGofApplicationTests]: PatronesGofApplicationTests does not declare any static, non-private, non-final, nested classes annotated with @Configuration.
22:23:21.767 [main] INFO org.springframework.boot.test.context.SpringBootTestContextBootstrapper -- Found @SpringBootConfiguration co.patronesgof.fis.PatronesGofApplication for test class co.patronesgof.fis.PatronesGofApplicationTests
22:23:21.909 [main] INFO org.springframework.boot.devtools.restart.RestartApplicationListener -- Restart disabled due to context in which it is running
.___  ___.  __    __       _______. __    ______         _______. __    __    ______   .______
|   \/   | |  |  |  |     /       ||  |  /      |       /       ||  |  |  |  /  __  \  |   _  \
|  \  /  | |  |  |  |    |   (----`|  | |  ,----'      |   (----`|  |__|  | |  |  |  | |  |_)  |
|  |\/|  | |  |  |  |     \   \    |  | |  |            \   \    |   __   | |  |  |  | |   ___/
|  |  |  | |  `--'  | .----)   |   |  | |  `----.   .----)   |   |  |  |  | |  `--'  | |  |
|__|  |__|  \______/  |_______/    |__|  \______|   |_______/    |__|  |__|  \______/  | _|

 
Powered by Spring Boot 3.3.4
2024-10-01T22:23:22.141-05:00  INFO 54329 --- [music-shop] [           main] c.p.fis.PatronesGofApplicationTests      : Starting PatronesGofApplicationTests using Java 17.0.12 with PID 54329 (started by eltomi in /home/eltomi/PatronesGof)
2024-10-01T22:23:22.142-05:00  INFO 54329 --- [music-shop] [           main] c.p.fis.PatronesGofApplicationTests      : No active profile set, falling back to 1 default profile: "default"
2024-10-01T22:23:22.759-05:00  INFO 54329 --- [music-shop] [           main] .s.d.r.c.RepositoryConfigurationDelegate : Bootstrapping Spring Data JPA repositories in DEFAULT mode.
2024-10-01T22:23:22.808-05:00  INFO 54329 --- [music-shop] [           main] .s.d.r.c.RepositoryConfigurationDelegate : Finished Spring Data repository scanning in 40 ms. Found 4 JPA repository interfaces.
2024-10-01T22:23:23.347-05:00  INFO 54329 --- [music-shop] [           main] o.hibernate.jpa.internal.util.LogHelper  : HHH000204: Processing PersistenceUnitInfo [name: default]
2024-10-01T22:23:23.415-05:00  INFO 54329 --- [music-shop] [           main] org.hibernate.Version                    : HHH000412: Hibernate ORM core version 6.5.3.Final
2024-10-01T22:23:23.447-05:00  INFO 54329 --- [music-shop] [           main] o.h.c.internal.RegionFactoryInitiator    : HHH000026: Second-level cache disabled
2024-10-01T22:23:23.760-05:00  INFO 54329 --- [music-shop] [           main] o.s.o.j.p.SpringPersistenceUnitInfo      : No LoadTimeWeaver setup: ignoring JPA class transformer
2024-10-01T22:23:23.786-05:00  INFO 54329 --- [music-shop] [           main] com.zaxxer.hikari.HikariDataSource       : HikariPool-1 - Starting...
2024-10-01T22:23:25.298-05:00  INFO 54329 --- [music-shop] [           main] com.zaxxer.hikari.pool.HikariPool        : HikariPool-1 - Added connection org.postgresql.jdbc.PgConnection@c262f2f
2024-10-01T22:23:25.301-05:00  INFO 54329 --- [music-shop] [           main] com.zaxxer.hikari.HikariDataSource       : HikariPool-1 - Start completed.
2024-10-01T22:23:25.551-05:00  WARN 54329 --- [music-shop] [           main] org.hibernate.orm.deprecation            : HHH90000025: PostgreSQLDialect does not need to be specified explicitly using 'hibernate.dialect' (remove the property setting and it will be selected by default)
2024-10-01T22:23:26.610-05:00  INFO 54329 --- [music-shop] [           main] o.h.e.t.j.p.i.JtaPlatformInitiator       : HHH000489: No JTA platform available (set 'hibernate.transaction.jta.platform' to enable JTA platform integration)
2024-10-01T22:23:27.451-05:00  INFO 54329 --- [music-shop] [           main] j.LocalContainerEntityManagerFactoryBean : Initialized JPA EntityManagerFactory for persistence unit 'default'
2024-10-01T22:23:27.880-05:00  WARN 54329 --- [music-shop] [           main] JpaBaseConfiguration$JpaWebConfiguration : spring.jpa.open-in-view is enabled by default. Therefore, database queries may be performed during view rendering. Explicitly configure spring.jpa.open-in-view to disable this warning
2024-10-01T22:23:27.909-05:00  INFO 54329 --- [music-shop] [           main] o.s.b.a.w.s.WelcomePageHandlerMapping    : Adding welcome page template: index
2024-10-01T22:23:28.333-05:00  INFO 54329 --- [music-shop] [           main] c.p.fis.PatronesGofApplicationTests      : Started PatronesGofApplicationTests in 6.438 seconds (process running for 7.379)
]]></system-out>
  </testcase>
</testsuite>